<?xml version="1.0" encoding="UTF-8"?>
<!-- Generated by org.testng.reporters.JUnitReportReporter -->
<testsuite hostname="Yousuf-HP-I5-8GEN-CORE" failures="0" tests="3" name="com.tcs.dnd.Dynamicjson" time="2.449" errors="0" timestamp="2023-07-01T22:11:21 IST" skipped="0">
  <testcase classname="com.tcs.dnd.Dynamicjson" name="f" time="0.219"/>
  <system-out/>
  <testcase classname="com.tcs.dnd.Dynamicjson" name="f" time="0.224"/>
  <system-out/>
  <testcase classname="com.tcs.dnd.Dynamicjson" name="f" time="2.006"/>
  <system-out/>
</testsuite> <!-- com.tcs.dnd.Dynamicjson -->
